# JRE version: Java(TM) SE Runtime Environment (8.0_181-b13) (build 1.8.0_181-b13)
# Java VM: Java HotSpot(TM) 64-Bit Server VM (25.181-b13 mixed mode windows-amd64 compressed oops)
Heap:
 PSYoungGen      total 284672K, used 220101K [0x0000000715d00000, 0x0000000728800000, 0x00000007c0000000)
  eden space 263168K, 83% used [0x0000000715d00000,0x00000007233f15e0,0x0000000725e00000)
  from space 21504K, 0% used [0x0000000727300000,0x0000000727300000,0x0000000728800000)
  to   space 21504K, 37% used [0x0000000725e00000,0x00000007265ed060,0x0000000727300000)
 ParOldGen       total 146432K, used 5311K [0x00000005c1600000, 0x00000005ca500000, 0x0000000715d00000)
  object space 146432K, 3% used [0x00000005c1600000,0x00000005c1b2fc18,0x00000005ca500000)
 Metaspace       used 33476K, capacity 35338K, committed 35456K, reserved 1079296K
  class space    used 4565K, capacity 4934K, committed 4992K, reserved 1048576K
GC Heap History (7 events):
Event: 0.775 GC heap before
{Heap before GC invocations=1 (full 0):
 PSYoungGen      total 153088K, used 131584K [0x0000000715d00000, 0x0000000720780000, 0x00000007c0000000)
  eden space 131584K, 100% used [0x0000000715d00000,0x000000071dd80000,0x000000071dd80000)
  from space 21504K, 0% used [0x000000071f280000,0x000000071f280000,0x0000000720780000)
  to   space 21504K, 0% used [0x000000071dd80000,0x000000071dd80000,0x000000071f280000)
 ParOldGen       total 349696K, used 0K [0x00000005c1600000, 0x00000005d6b80000, 0x0000000715d00000)
  object space 349696K, 0% used [0x00000005c1600000,0x00000005c1600000,0x00000005d6b80000)
 Metaspace       used 20489K, capacity 21184K, committed 21296K, reserved 1067008K
  class space    used 2743K, capacity 2920K, committed 2944K, reserved 1048576K
Event: 0.783 GC heap after
Heap after GC invocations=1 (full 0):
 PSYoungGen      total 153088K, used 15218K [0x0000000715d00000, 0x0000000728800000, 0x00000007c0000000)
  eden space 131584K, 0% used [0x0000000715d00000,0x0000000715d00000,0x000000071dd80000)
  from space 21504K, 70% used [0x000000071dd80000,0x000000071ec5cb18,0x000000071f280000)
  to   space 21504K, 0% used [0x0000000727300000,0x0000000727300000,0x0000000728800000)
 ParOldGen       total 349696K, used 16K [0x00000005c1600000, 0x00000005d6b80000, 0x0000000715d00000)
  object space 349696K, 0% used [0x00000005c1600000,0x00000005c1604000,0x00000005d6b80000)
 Metaspace       used 20489K, capacity 21184K, committed 21296K, reserved 1067008K
  class space    used 2743K, capacity 2920K, committed 2944K, reserved 1048576K
}
Event: 0.786 GC heap before
{Heap before GC invocations=2 (full 0):
 PSYoungGen      total 153088K, used 21193K [0x0000000715d00000, 0x0000000728800000, 0x00000007c0000000)
  eden space 131584K, 4% used [0x0000000715d00000,0x00000007162d5930,0x000000071dd80000)
  from space 21504K, 70% used [0x000000071dd80000,0x000000071ec5cb18,0x000000071f280000)
  to   space 21504K, 0% used [0x0000000727300000,0x0000000727300000,0x0000000728800000)
 ParOldGen       total 349696K, used 16K [0x00000005c1600000, 0x00000005d6b80000, 0x0000000715d00000)
  object space 349696K, 0% used [0x00000005c1600000,0x00000005c1604000,0x00000005d6b80000)
 Metaspace       used 20527K, capacity 21248K, committed 21296K, reserved 1067008K
  class space    used 2749K, capacity 2920K, committed 2944K, reserved 1048576K
Event: 0.789 GC heap after
Heap after GC invocations=2 (full 0):
 PSYoungGen      total 284672K, used 5496K [0x0000000715d00000, 0x0000000728800000, 0x00000007c0000000)
  eden space 263168K, 0% used [0x0000000715d00000,0x0000000715d00000,0x0000000725e00000)
  from space 21504K, 25% used [0x0000000727300000,0x000000072785e030,0x0000000728800000)
  to   space 21504K, 0% used [0x0000000725e00000,0x0000000725e00000,0x0000000727300000)
 ParOldGen       total 349696K, used 24K [0x00000005c1600000, 0x00000005d6b80000, 0x0000000715d00000)
  object space 349696K, 0% used [0x00000005c1600000,0x00000005c1606000,0x00000005d6b80000)
 Metaspace       used 20527K, capacity 21248K, committed 21296K, reserved 1067008K
  class space    used 2749K, capacity 2920K, committed 2944K, reserved 1048576K
}
Event: 0.789 GC heap before
{Heap before GC invocations=3 (full 1):
 PSYoungGen      total 284672K, used 5496K [0x0000000715d00000, 0x0000000728800000, 0x00000007c0000000)
  eden space 263168K, 0% used [0x0000000715d00000,0x0000000715d00000,0x0000000725e00000)
  from space 21504K, 25% used [0x0000000727300000,0x000000072785e030,0x0000000728800000)
  to   space 21504K, 0% used [0x0000000725e00000,0x0000000725e00000,0x0000000727300000)
 ParOldGen       total 349696K, used 24K [0x00000005c1600000, 0x00000005d6b80000, 0x0000000715d00000)
  object space 349696K, 0% used [0x00000005c1600000,0x00000005c1606000,0x00000005d6b80000)
 Metaspace       used 20527K, capacity 21248K, committed 21296K, reserved 1067008K
  class space    used 2749K, capacity 2920K, committed 2944K, reserved 1048576K
Event: 0.804 GC heap after
Heap after GC invocations=3 (full 1):
 PSYoungGen      total 284672K, used 0K [0x0000000715d00000, 0x0000000728800000, 0x00000007c0000000)
  eden space 263168K, 0% used [0x0000000715d00000,0x0000000715d00000,0x0000000725e00000)
  from space 21504K, 0% used [0x0000000727300000,0x0000000727300000,0x0000000728800000)
  to   space 21504K, 0% used [0x0000000725e00000,0x0000000725e00000,0x0000000727300000)
 ParOldGen       total 146432K, used 5303K [0x00000005c1600000, 0x00000005ca500000, 0x0000000715d00000)
  object space 146432K, 3% used [0x00000005c1600000,0x00000005c1b2dc18,0x00000005ca500000)
 Metaspace       used 20526K, capacity 21242K, committed 21296K, reserved 1067008K
  class space    used 2748K, capacity 2919K, committed 2944K, reserved 1048576K
}
Event: 5.909 GC heap before
{Heap before GC invocations=4 (full 1):
 PSYoungGen      total 284672K, used 220101K [0x0000000715d00000, 0x0000000728800000, 0x00000007c0000000)
  eden space 263168K, 83% used [0x0000000715d00000,0x00000007233f15e0,0x0000000725e00000)
  from space 21504K, 0% used [0x0000000727300000,0x0000000727300000,0x0000000728800000)
  to   space 21504K, 0% used [0x0000000725e00000,0x0000000725e00000,0x0000000727300000)
 ParOldGen       total 146432K, used 5303K [0x00000005c1600000, 0x00000005ca500000, 0x0000000715d00000)
  object space 146432K, 3% used [0x00000005c1600000,0x00000005c1b2dc18,0x00000005ca500000)
 Metaspace       used 33476K, capacity 35338K, committed 35456K, reserved 1079296K
  class space    used 4565K, capacity 4934K, committed 4992K, reserved 1048576K

