# JRE version: Java(TM) SE Runtime Environment (8.0_181-b13) (build 1.8.0_181-b13)
# Java VM: Java HotSpot(TM) 64-Bit Server VM (25.181-b13 mixed mode windows-amd64 compressed oops)
Heap:
 PSYoungGen      total 153088K, used 5608K [0x0000000715d00000, 0x0000000728800000, 0x00000007c0000000)
  eden space 131584K, 0% used [0x0000000715d00000,0x0000000715d00000,0x000000071dd80000)
  from space 21504K, 26% used [0x000000071f280000,0x000000071f7fa040,0x0000000720780000)
  to   space 21504K, 0% used [0x000000071dd80000,0x000000071dd80000,0x000000071f280000)
 ParOldGen       total 349696K, used 32K [0x00000005c1600000, 0x00000005d6b80000, 0x0000000715d00000)
  object space 349696K, 0% used [0x00000005c1600000,0x00000005c1608000,0x00000005d6b80000)
 Metaspace       used 20500K, capacity 21248K, committed 21296K, reserved 1067008K
  class space    used 2747K, capacity 2920K, committed 2944K, reserved 1048576K
GC Heap History (5 events):
Event: 0.956 GC heap before
{Heap before GC invocations=1 (full 0):
 PSYoungGen      total 153088K, used 131584K [0x0000000715d00000, 0x0000000720780000, 0x00000007c0000000)
  eden space 131584K, 100% used [0x0000000715d00000,0x000000071dd80000,0x000000071dd80000)
  from space 21504K, 0% used [0x000000071f280000,0x000000071f280000,0x0000000720780000)
  to   space 21504K, 0% used [0x000000071dd80000,0x000000071dd80000,0x000000071f280000)
 ParOldGen       total 349696K, used 0K [0x00000005c1600000, 0x00000005d6b80000, 0x0000000715d00000)
  object space 349696K, 0% used [0x00000005c1600000,0x00000005c1600000,0x00000005d6b80000)
 Metaspace       used 20371K, capacity 21094K, committed 21296K, reserved 1067008K
  class space    used 2729K, capacity 2915K, committed 2944K, reserved 1048576K
Event: 0.963 GC heap after
Heap after GC invocations=1 (full 0):
 PSYoungGen      total 153088K, used 14840K [0x0000000715d00000, 0x0000000720780000, 0x00000007c0000000)
  eden space 131584K, 0% used [0x0000000715d00000,0x0000000715d00000,0x000000071dd80000)
  from space 21504K, 69% used [0x000000071dd80000,0x000000071ebfe2a0,0x000000071f280000)
  to   space 21504K, 0% used [0x000000071f280000,0x000000071f280000,0x0000000720780000)
 ParOldGen       total 349696K, used 24K [0x00000005c1600000, 0x00000005d6b80000, 0x0000000715d00000)
  object space 349696K, 0% used [0x00000005c1600000,0x00000005c1606000,0x00000005d6b80000)
 Metaspace       used 20371K, capacity 21094K, committed 21296K, reserved 1067008K
  class space    used 2729K, capacity 2915K, committed 2944K, reserved 1048576K
}
Event: 0.975 GC heap before
{Heap before GC invocations=2 (full 0):
 PSYoungGen      total 153088K, used 19060K [0x0000000715d00000, 0x0000000720780000, 0x00000007c0000000)
  eden space 131584K, 3% used [0x0000000715d00000,0x000000071611ef80,0x000000071dd80000)
  from space 21504K, 69% used [0x000000071dd80000,0x000000071ebfe2a0,0x000000071f280000)
  to   space 21504K, 0% used [0x000000071f280000,0x000000071f280000,0x0000000720780000)
 ParOldGen       total 349696K, used 24K [0x00000005c1600000, 0x00000005d6b80000, 0x0000000715d00000)
  object space 349696K, 0% used [0x00000005c1600000,0x00000005c1606000,0x00000005d6b80000)
 Metaspace       used 20500K, capacity 21248K, committed 21296K, reserved 1067008K
  class space    used 2747K, capacity 2920K, committed 2944K, reserved 1048576K
Event: 0.978 GC heap after
Heap after GC invocations=2 (full 0):
 PSYoungGen      total 153088K, used 5608K [0x0000000715d00000, 0x0000000728800000, 0x00000007c0000000)
  eden space 131584K, 0% used [0x0000000715d00000,0x0000000715d00000,0x000000071dd80000)
  from space 21504K, 26% used [0x000000071f280000,0x000000071f7fa040,0x0000000720780000)
  to   space 21504K, 0% used [0x000000071dd80000,0x000000071dd80000,0x000000071f280000)
 ParOldGen       total 349696K, used 32K [0x00000005c1600000, 0x00000005d6b80000, 0x0000000715d00000)
  object space 349696K, 0% used [0x00000005c1600000,0x00000005c1608000,0x00000005d6b80000)
 Metaspace       used 20500K, capacity 21248K, committed 21296K, reserved 1067008K
  class space    used 2747K, capacity 2920K, committed 2944K, reserved 1048576K
}
Event: 0.978 GC heap before
{Heap before GC invocations=3 (full 1):
 PSYoungGen      total 153088K, used 5608K [0x0000000715d00000, 0x0000000728800000, 0x00000007c0000000)
  eden space 131584K, 0% used [0x0000000715d00000,0x0000000715d00000,0x000000071dd80000)
  from space 21504K, 26% used [0x000000071f280000,0x000000071f7fa040,0x0000000720780000)
  to   space 21504K, 0% used [0x000000071dd80000,0x000000071dd80000,0x000000071f280000)
 ParOldGen       total 349696K, used 32K [0x00000005c1600000, 0x00000005d6b80000, 0x0000000715d00000)
  object space 349696K, 0% used [0x00000005c1600000,0x00000005c1608000,0x00000005d6b80000)
 Metaspace       used 20500K, capacity 21248K, committed 21296K, reserved 1067008K
  class space    used 2747K, capacity 2920K, committed 2944K, reserved 1048576K

